<?xml version="1.0" encoding="UTF-8"?>
<!-- Generated by org.testng.reporters.JUnitReportReporter -->
<testsuite hostname="DESKTOP-TAUN96S" failures="0" tests="3" name="com.qa.opencart.tests.AccountsPageTest" time="0.147" errors="0" timestamp="2023-08-22T05:01:20 IST" skipped="0">
  <testcase classname="com.qa.opencart.tests.AccountsPageTest" name="AccountPageUrlTest" time="0.015"/>
  <system-out/>
  <testcase classname="com.qa.opencart.tests.AccountsPageTest" name="AccountPageTitleTest" time="0.021"/>
  <system-out/>
  <testcase classname="com.qa.opencart.tests.AccountsPageTest" name="getAccountPageheaderListTest" time="0.111"/>
  <system-out/>
</testsuite> <!-- com.qa.opencart.tests.AccountsPageTest -->
