<?xml version="1.0" encoding="UTF-8"?>
<!-- Generated by org.testng.reporters.JUnitReportReporter -->
<testsuite hostname="DESKTOP-TAUN96S" failures="0" tests="4" name="com.qa.opencart.tests.LoginPageTest" time="0.383" errors="0" timestamp="2023-08-19T14:32:56 IST" skipped="0">
  <testcase classname="com.qa.opencart.tests.LoginPageTest" name="forgotPwrdLinkTest" time="0.076"/>
  <system-out/>
  <testcase classname="com.qa.opencart.tests.LoginPageTest" name="loginPageURLTest" time="0.019"/>
  <system-out/>
  <testcase classname="com.qa.opencart.tests.LoginPageTest" name="loginPageTitleTest" time="0.022"/>
  <system-out/>
  <testcase classname="com.qa.opencart.tests.LoginPageTest" name="RightColumnlinksclickableTest" time="0.266"/>
  <system-out/>
</testsuite> <!-- com.qa.opencart.tests.LoginPageTest -->
